# JRE version: Java(TM) SE Runtime Environment (26.0.1+8) (build 26.0.1+8-34)
# Java VM: Java HotSpot(TM) 64-Bit Server VM (26.0.1+8-34, mixed mode, sharing, tiered, compressed oops, compressed class ptrs, g1 gc, windows-amd64)
GC Precious Log:
 CardTable entry size: 512
 Card Set container configuration: InlinePtr #cards 4 size 8 Array Of Cards #cards 16 size 48 Howl #buckets 8 coarsen threshold 3686 Howl Bitmap #cards 512 size 80 coarsen threshold 460 Card regions per heap region 1 cards per card region 4096
 CPUs: 12 total, 12 available
 Memory: 14075M
 Large Page Support: Disabled
 NUMA Support: Disabled
 Compressed Oops: Enabled (Zero based)
 Heap Region Size: 2M
 Heap Min Capacity: 8M
 Heap Initial Capacity: 8M
 Heap Max Capacity: 3520M
 Pre-touch: Disabled
 Parallel Workers: 10
 Concurrent Workers: 3
 Concurrent Refinement Workers: 10
 Periodic GC: Disabled
Heap:
 garbage-first heap   total reserved 3604480K, committed 122880K, used 50170K [0x0000000724000000, 0x0000000800000000)
  region size 2M, 13 eden (26M), 2 survivor (4M), 10 old (20M), 2 humongous (4M), 33 free (66M)
GC Heap Usage History (20 events):
Event: 0.883 {heap Before GC invocations=4 (full 0):
 garbage-first heap   total reserved 3604480K, committed 30720K, used 18782K [0x0000000724000000, 0x0000000800000000)
  region size 2M, 7 eden (14M), 1 survivor (2M), 2 old (4M), 0 humongous (0M), 5 free (10M)
}
Event: 0.887 {heap After GC invocations=5 (full 0):
 garbage-first heap   total reserved 3604480K, committed 30720K, used 5059K [0x0000000724000000, 0x0000000800000000)
  region size 2M, 0 eden (0M), 1 survivor (2M), 3 old (6M), 0 humongous (0M), 11 free (22M)
}
Event: 1.161 {heap Before GC invocations=5 (full 0):
 garbage-first heap   total reserved 3604480K, committed 30720K, used 17347K [0x0000000724000000, 0x0000000800000000)
  region size 2M, 7 eden (14M), 1 survivor (2M), 3 old (6M), 0 humongous (0M), 4 free (8M)
}
Event: 1.164 {heap After GC invocations=6 (full 0):
 garbage-first heap   total reserved 3604480K, committed 30720K, used 6178K [0x0000000724000000, 0x0000000800000000)
  region size 2M, 0 eden (0M), 1 survivor (2M), 3 old (6M), 0 humongous (0M), 11 free (22M)
}
Event: 1.530 {heap Before GC invocations=6 (full 0):
 garbage-first heap   total reserved 3604480K, committed 30720K, used 20514K [0x0000000724000000, 0x0000000800000000)
  region size 2M, 7 eden (14M), 1 survivor (2M), 3 old (6M), 0 humongous (0M), 4 free (8M)
}
Event: 1.536 {heap After GC invocations=7 (full 0):
 garbage-first heap   total reserved 3604480K, committed 30720K, used 7804K [0x0000000724000000, 0x0000000800000000)
  region size 2M, 0 eden (0M), 1 survivor (2M), 4 old (8M), 0 humongous (0M), 10 free (20M)
}
Event: 1.868 {heap Before GC invocations=7 (full 0):
 garbage-first heap   total reserved 3604480K, committed 30720K, used 22140K [0x0000000724000000, 0x0000000800000000)
  region size 2M, 7 eden (14M), 1 survivor (2M), 4 old (8M), 0 humongous (0M), 3 free (6M)
}
Event: 1.875 {heap After GC invocations=8 (full 0):
 garbage-first heap   total reserved 3604480K, committed 30720K, used 9847K [0x0000000724000000, 0x0000000800000000)
  region size 2M, 0 eden (0M), 1 survivor (2M), 5 old (10M), 0 humongous (0M), 9 free (18M)
}
Event: 2.030 {heap Before GC invocations=8 (full 0):
 garbage-first heap   total reserved 3604480K, committed 30720K, used 20087K [0x0000000724000000, 0x0000000800000000)
  region size 2M, 6 eden (12M), 1 survivor (2M), 5 old (10M), 0 humongous (0M), 3 free (6M)
}
Event: 2.037 {heap After GC invocations=9 (full 0):
 garbage-first heap   total reserved 3604480K, committed 59392K, used 11770K [0x0000000724000000, 0x0000000800000000)
  region size 2M, 0 eden (0M), 1 survivor (2M), 6 old (12M), 0 humongous (0M), 22 free (44M)
}
Event: 2.460 {heap Before GC invocations=9 (full 0):
 garbage-first heap   total reserved 3604480K, committed 59392K, used 42490K [0x0000000724000000, 0x0000000800000000)
  region size 2M, 15 eden (30M), 1 survivor (2M), 6 old (12M), 0 humongous (0M), 7 free (14M)
}
Event: 2.471 {heap After GC invocations=10 (full 0):
 garbage-first heap   total reserved 3604480K, committed 59392K, used 14677K [0x0000000724000000, 0x0000000800000000)
  region size 2M, 0 eden (0M), 2 survivor (4M), 6 old (12M), 0 humongous (0M), 21 free (42M)
}
Event: 2.822 {heap Before GC invocations=10 (full 0):
 garbage-first heap   total reserved 3604480K, committed 59392K, used 43349K [0x0000000724000000, 0x0000000800000000)
  region size 2M, 14 eden (28M), 2 survivor (4M), 6 old (12M), 0 humongous (0M), 7 free (14M)
}
Event: 2.830 {heap After GC invocations=11 (full 0):
 garbage-first heap   total reserved 3604480K, committed 59392K, used 16413K [0x0000000724000000, 0x0000000800000000)
  region size 2M, 0 eden (0M), 1 survivor (2M), 8 old (16M), 0 humongous (0M), 20 free (40M)
}
Event: 3.397 {heap Before GC invocations=11 (full 0):
 garbage-first heap   total reserved 3604480K, committed 59392K, used 47133K [0x0000000724000000, 0x0000000800000000)
  region size 2M, 15 eden (30M), 1 survivor (2M), 8 old (16M), 0 humongous (0M), 5 free (10M)
}
Event: 3.403 {heap After GC invocations=12 (full 0):
 garbage-first heap   total reserved 3604480K, committed 59392K, used 17935K [0x0000000724000000, 0x0000000800000000)
  region size 2M, 0 eden (0M), 2 survivor (4M), 8 old (16M), 0 humongous (0M), 19 free (38M)
}
Event: 3.995 {heap Before GC invocations=12 (full 0):
 garbage-first heap   total reserved 3604480K, committed 63488K, used 54799K [0x0000000724000000, 0x0000000800000000)
  region size 2M, 15 eden (30M), 2 survivor (4M), 8 old (16M), 4 humongous (8M), 2 free (4M)
}
Event: 4.004 {heap After GC invocations=13 (full 0):
 garbage-first heap   total reserved 3604480K, committed 65536K, used 27797K [0x0000000724000000, 0x0000000800000000)
  region size 2M, 0 eden (0M), 3 survivor (6M), 8 old (16M), 4 humongous (8M), 17 free (34M)
}
Event: 4.090 {heap Before GC invocations=13 (full 0):
 garbage-first heap   total reserved 3604480K, committed 65536K, used 33941K [0x0000000724000000, 0x0000000800000000)
  region size 2M, 4 eden (8M), 3 survivor (6M), 8 old (16M), 4 humongous (8M), 13 free (26M)
}
Event: 4.100 {heap After GC invocations=14 (full 0):
 garbage-first heap   total reserved 3604480K, committed 122880K, used 27642K [0x0000000724000000, 0x0000000800000000)
  region size 2M, 0 eden (0M), 2 survivor (4M), 10 old (20M), 2 humongous (4M), 46 free (92M)
}

