# JRE version: Java(TM) SE Runtime Environment (26.0.1+8) (build 26.0.1+8-34)
# Java VM: Java HotSpot(TM) 64-Bit Server VM (26.0.1+8-34, mixed mode, sharing, tiered, compressed oops, compressed class ptrs, g1 gc, windows-amd64)
GC Precious Log:
 CardTable entry size: 512
 Card Set container configuration: InlinePtr #cards 4 size 8 Array Of Cards #cards 16 size 48 Howl #buckets 8 coarsen threshold 3686 Howl Bitmap #cards 512 size 80 coarsen threshold 460 Card regions per heap region 1 cards per card region 4096
 CPUs: 12 total, 12 available
 Memory: 14075M
 Large Page Support: Disabled
 NUMA Support: Disabled
 Compressed Oops: Enabled (Zero based)
 Heap Region Size: 2M
 Heap Min Capacity: 8M
 Heap Initial Capacity: 8M
 Heap Max Capacity: 3520M
 Pre-touch: Disabled
 Parallel Workers: 10
 Concurrent Workers: 3
 Concurrent Refinement Workers: 10
 Periodic GC: Disabled
Heap:
 garbage-first heap   total reserved 3604480K, committed 102400K, used 50366K [0x0000000724000000, 0x0000000800000000)
  region size 2M, 0 eden (0M), 2 survivor (4M), 22 old (44M), 2 humongous (4M), 24 free (48M)
GC Heap Usage History (20 events):
Event: 2.198 {heap After GC invocations=10 (full 0):
 garbage-first heap   total reserved 3604480K, committed 51200K, used 14393K [0x0000000724000000, 0x0000000800000000)
  region size 2M, 0 eden (0M), 2 survivor (4M), 7 old (14M), 0 humongous (0M), 16 free (32M)
}
Event: 2.525 {heap Before GC invocations=10 (full 0):
 garbage-first heap   total reserved 3604480K, committed 51200K, used 36921K [0x0000000724000000, 0x0000000800000000)
  region size 2M, 11 eden (22M), 2 survivor (4M), 7 old (14M), 0 humongous (0M), 5 free (10M)
}
Event: 2.528 {heap After GC invocations=11 (full 0):
 garbage-first heap   total reserved 3604480K, committed 51200K, used 15227K [0x0000000724000000, 0x0000000800000000)
  region size 2M, 0 eden (0M), 1 survivor (2M), 8 old (16M), 0 humongous (0M), 16 free (32M)
}
Event: 2.929 {heap Before GC invocations=11 (full 0):
 garbage-first heap   total reserved 3604480K, committed 51200K, used 39803K [0x0000000724000000, 0x0000000800000000)
  region size 2M, 12 eden (24M), 1 survivor (2M), 8 old (16M), 0 humongous (0M), 4 free (8M)
}
Event: 2.931 {heap After GC invocations=12 (full 0):
 garbage-first heap   total reserved 3604480K, committed 51200K, used 16131K [0x0000000724000000, 0x0000000800000000)
  region size 2M, 0 eden (0M), 1 survivor (2M), 8 old (16M), 0 humongous (0M), 16 free (32M)
}
Event: 3.049 {heap Before GC invocations=12 (full 0):
 garbage-first heap   total reserved 3604480K, committed 51200K, used 22275K [0x0000000724000000, 0x0000000800000000)
  region size 2M, 4 eden (8M), 1 survivor (2M), 8 old (16M), 0 humongous (0M), 12 free (24M)
}
Event: 3.053 {heap After GC invocations=13 (full 0):
 garbage-first heap   total reserved 3604480K, committed 51200K, used 16735K [0x0000000724000000, 0x0000000800000000)
  region size 2M, 0 eden (0M), 2 survivor (4M), 8 old (16M), 0 humongous (0M), 15 free (30M)
}
Event: 3.222 {heap Before GC invocations=14 (full 0):
 garbage-first heap   total reserved 3604480K, committed 63488K, used 59743K [0x0000000724000000, 0x0000000800000000)
  region size 2M, 5 eden (10M), 2 survivor (4M), 8 old (16M), 16 humongous (32M), 0 free (0M)
}
Event: 3.226 {heap After GC invocations=15 (full 0):
 garbage-first heap   total reserved 3604480K, committed 65536K, used 17117K [0x0000000724000000, 0x0000000800000000)
  region size 2M, 0 eden (0M), 1 survivor (2M), 8 old (16M), 0 humongous (0M), 23 free (46M)
}
Event: 3.990 {heap Before GC invocations=15 (full 0):
 garbage-first heap   total reserved 3604480K, committed 65536K, used 60125K [0x0000000724000000, 0x0000000800000000)
  region size 2M, 18 eden (36M), 1 survivor (2M), 8 old (16M), 4 humongous (8M), 1 free (2M)
}
Event: 4.007 {heap After GC invocations=16 (full 0):
 garbage-first heap   total reserved 3604480K, committed 75776K, used 33046K [0x0000000724000000, 0x0000000800000000)
  region size 2M, 0 eden (0M), 3 survivor (6M), 10 old (20M), 4 humongous (8M), 20 free (40M)
}
Event: 4.220 {heap Before GC invocations=16 (full 0):
 garbage-first heap   total reserved 3604480K, committed 75776K, used 59670K [0x0000000724000000, 0x0000000800000000)
  region size 2M, 14 eden (28M), 3 survivor (6M), 10 old (20M), 4 humongous (8M), 6 free (12M)
}
Event: 4.235 {heap After GC invocations=17 (full 0):
 garbage-first heap   total reserved 3604480K, committed 102400K, used 40960K [0x0000000724000000, 0x0000000800000000)
  region size 2M, 0 eden (0M), 3 survivor (6M), 13 old (26M), 4 humongous (8M), 30 free (60M)
}
Event: 4.523 {heap Before GC invocations=17 (full 0):
 garbage-first heap   total reserved 3604480K, committed 102400K, used 79872K [0x0000000724000000, 0x0000000800000000)
  region size 2M, 20 eden (40M), 3 survivor (6M), 13 old (26M), 4 humongous (8M), 10 free (20M)
}
Event: 4.536 {heap After GC invocations=18 (full 0):
 garbage-first heap   total reserved 3604480K, committed 102400K, used 52224K [0x0000000724000000, 0x0000000800000000)
  region size 2M, 0 eden (0M), 3 survivor (6M), 19 old (38M), 4 humongous (8M), 24 free (48M)
}
Event: 4.945 {heap Before GC invocations=18 (full 0):
 garbage-first heap   total reserved 3604480K, committed 102400K, used 80896K [0x0000000724000000, 0x0000000800000000)
  region size 2M, 15 eden (30M), 3 survivor (6M), 19 old (38M), 4 humongous (8M), 9 free (18M)
}
Event: 4.954 {heap After GC invocations=19 (full 0):
 garbage-first heap   total reserved 3604480K, committed 102400K, used 53940K [0x0000000724000000, 0x0000000800000000)
  region size 2M, 0 eden (0M), 1 survivor (2M), 22 old (44M), 4 humongous (8M), 23 free (46M)
}
Event: 5.116 {heap Before GC invocations=19 (full 0):
 garbage-first heap   total reserved 3604480K, committed 102400K, used 64180K [0x0000000724000000, 0x0000000800000000)
  region size 2M, 6 eden (12M), 1 survivor (2M), 22 old (44M), 4 humongous (8M), 17 free (34M)
}
Event: 5.121 {heap After GC invocations=20 (full 0):
 garbage-first heap   total reserved 3604480K, committed 102400K, used 54290K [0x0000000724000000, 0x0000000800000000)
  region size 2M, 0 eden (0M), 2 survivor (4M), 22 old (44M), 4 humongous (8M), 22 free (44M)
}
Event: 5.377 {heap Before GC invocations=21 (full 0):
 garbage-first heap   total reserved 3604480K, committed 102400K, used 80914K [0x0000000724000000, 0x0000000800000000)
  region size 2M, 16 eden (32M), 2 survivor (4M), 22 old (44M), 2 humongous (4M), 8 free (16M)
}

