# JRE version: Java(TM) SE Runtime Environment (26.0.1+8) (build 26.0.1+8-34)
# Java VM: Java HotSpot(TM) 64-Bit Server VM (26.0.1+8-34, mixed mode, sharing, tiered, compressed oops, compressed class ptrs, g1 gc, windows-amd64)
GC Precious Log:
 CardTable entry size: 512
 Card Set container configuration: InlinePtr #cards 4 size 8 Array Of Cards #cards 16 size 48 Howl #buckets 8 coarsen threshold 3686 Howl Bitmap #cards 512 size 80 coarsen threshold 460 Card regions per heap region 1 cards per card region 4096
 CPUs: 12 total, 12 available
 Memory: 14075M
 Large Page Support: Disabled
 NUMA Support: Disabled
 Compressed Oops: Enabled (Zero based)
 Heap Region Size: 2M
 Heap Min Capacity: 8M
 Heap Initial Capacity: 8M
 Heap Max Capacity: 3520M
 Pre-touch: Disabled
 Parallel Workers: 10
 Concurrent Workers: 3
 Concurrent Refinement Workers: 10
 Periodic GC: Disabled
Heap:
 garbage-first heap   total reserved 3604480K, committed 86016K, used 15440K [0x0000000724000000, 0x0000000800000000)
  region size 2M, 2 eden (4M), 4 survivor (8M), 3 old (6M), 0 humongous (0M), 33 free (66M)
GC Heap Usage History (16 events):
Event: 0.181 {heap Before GC invocations=0 (full 0):
 garbage-first heap   total reserved 3604480K, committed 10240K, used 3235K [0x0000000724000000, 0x0000000800000000)
  region size 2M, 2 eden (4M), 0 survivor (0M), 1 old (2M), 0 humongous (0M), 2 free (4M)
}
Event: 0.183 {heap After GC invocations=1 (full 0):
 garbage-first heap   total reserved 3604480K, committed 10240K, used 2782K [0x0000000724000000, 0x0000000800000000)
  region size 2M, 0 eden (0M), 1 survivor (2M), 1 old (2M), 0 humongous (0M), 3 free (6M)
}
Event: 0.245 {heap Before GC invocations=1 (full 0):
 garbage-first heap   total reserved 3604480K, committed 10240K, used 2782K [0x0000000724000000, 0x0000000800000000)
  region size 2M, 1 eden (2M), 1 survivor (2M), 1 old (2M), 0 humongous (0M), 2 free (4M)
}
Event: 0.246 {heap After GC invocations=2 (full 0):
 garbage-first heap   total reserved 3604480K, committed 10240K, used 2979K [0x0000000724000000, 0x0000000800000000)
  region size 2M, 0 eden (0M), 1 survivor (2M), 2 old (4M), 0 humongous (0M), 2 free (4M)
}
Event: 0.294 {heap Before GC invocations=2 (full 0):
 garbage-first heap   total reserved 3604480K, committed 10240K, used 5027K [0x0000000724000000, 0x0000000800000000)
  region size 2M, 1 eden (2M), 1 survivor (2M), 2 old (4M), 0 humongous (0M), 1 free (2M)
}
Event: 0.296 {heap After GC invocations=3 (full 0):
 garbage-first heap   total reserved 3604480K, committed 10240K, used 3428K [0x0000000724000000, 0x0000000800000000)
  region size 2M, 0 eden (0M), 1 survivor (2M), 2 old (4M), 0 humongous (0M), 2 free (4M)
}
Event: 0.343 {heap Before GC invocations=3 (full 0):
 garbage-first heap   total reserved 3604480K, committed 10240K, used 5476K [0x0000000724000000, 0x0000000800000000)
  region size 2M, 1 eden (2M), 1 survivor (2M), 2 old (4M), 0 humongous (0M), 1 free (2M)
}
Event: 0.344 {heap After GC invocations=4 (full 0):
 garbage-first heap   total reserved 3604480K, committed 30720K, used 3898K [0x0000000724000000, 0x0000000800000000)
  region size 2M, 0 eden (0M), 1 survivor (2M), 2 old (4M), 0 humongous (0M), 12 free (24M)
}
Event: 0.547 {heap Before GC invocations=4 (full 0):
 garbage-first heap   total reserved 3604480K, committed 30720K, used 16186K [0x0000000724000000, 0x0000000800000000)
  region size 2M, 6 eden (12M), 1 survivor (2M), 2 old (4M), 0 humongous (0M), 6 free (12M)
}
Event: 0.550 {heap After GC invocations=5 (full 0):
 garbage-first heap   total reserved 3604480K, committed 30720K, used 4586K [0x0000000724000000, 0x0000000800000000)
  region size 2M, 0 eden (0M), 1 survivor (2M), 2 old (4M), 0 humongous (0M), 12 free (24M)
}
Event: 0.738 {heap Before GC invocations=5 (full 0):
 garbage-first heap   total reserved 3604480K, committed 30720K, used 18922K [0x0000000724000000, 0x0000000800000000)
  region size 2M, 7 eden (14M), 1 survivor (2M), 2 old (4M), 0 humongous (0M), 5 free (10M)
}
Event: 0.741 {heap After GC invocations=6 (full 0):
 garbage-first heap   total reserved 3604480K, committed 30720K, used 5052K [0x0000000724000000, 0x0000000800000000)
  region size 2M, 0 eden (0M), 1 survivor (2M), 3 old (6M), 0 humongous (0M), 11 free (22M)
}
Event: 1.004 {heap Before GC invocations=6 (full 0):
 garbage-first heap   total reserved 3604480K, committed 30720K, used 19388K [0x0000000724000000, 0x0000000800000000)
  region size 2M, 8 eden (16M), 1 survivor (2M), 3 old (6M), 0 humongous (0M), 3 free (6M)
}
Event: 1.009 {heap After GC invocations=7 (full 0):
 garbage-first heap   total reserved 3604480K, committed 30720K, used 6617K [0x0000000724000000, 0x0000000800000000)
  region size 2M, 0 eden (0M), 2 survivor (4M), 3 old (6M), 0 humongous (0M), 10 free (20M)
}
Event: 1.304 {heap Before GC invocations=7 (full 0):
 garbage-first heap   total reserved 3604480K, committed 30720K, used 20953K [0x0000000724000000, 0x0000000800000000)
  region size 2M, 7 eden (14M), 2 survivor (4M), 3 old (6M), 0 humongous (0M), 3 free (6M)
}
Event: 1.310 {heap After GC invocations=8 (full 0):
 garbage-first heap   total reserved 3604480K, committed 86016K, used 8145K [0x0000000724000000, 0x0000000800000000)
  region size 2M, 0 eden (0M), 2 survivor (4M), 3 old (6M), 0 humongous (0M), 37 free (74M)
}

