# JRE version: Java(TM) SE Runtime Environment (26.0.1+8) (build 26.0.1+8-34)
# Java VM: Java HotSpot(TM) 64-Bit Server VM (26.0.1+8-34, mixed mode, sharing, tiered, compressed oops, compressed class ptrs, g1 gc, windows-amd64)
GC Precious Log:
 CardTable entry size: 512
 Card Set container configuration: InlinePtr #cards 4 size 8 Array Of Cards #cards 16 size 48 Howl #buckets 8 coarsen threshold 3686 Howl Bitmap #cards 512 size 80 coarsen threshold 460 Card regions per heap region 1 cards per card region 4096
 CPUs: 12 total, 12 available
 Memory: 14075M
 Large Page Support: Disabled
 NUMA Support: Disabled
 Compressed Oops: Enabled (Zero based)
 Heap Region Size: 2M
 Heap Min Capacity: 8M
 Heap Initial Capacity: 8M
 Heap Max Capacity: 3520M
 Pre-touch: Disabled
 Parallel Workers: 10
 Concurrent Workers: 3
 Concurrent Refinement Workers: 10
 Periodic GC: Disabled
Heap:
 garbage-first heap   total reserved 3604480K, committed 83968K, used 45934K [0x0000000724000000, 0x0000000800000000)
  region size 2M, 0 eden (0M), 1 survivor (2M), 20 old (40M), 2 humongous (4M), 18 free (36M)
GC Heap Usage History (20 events):
Event: 3.247 {heap After GC invocations=12 (full 0):
 garbage-first heap   total reserved 3604480K, committed 38912K, used 15104K [0x0000000724000000, 0x0000000800000000)
  region size 2M, 0 eden (0M), 1 survivor (2M), 7 old (14M), 0 humongous (0M), 11 free (22M)
}
Event: 3.592 {heap Before GC invocations=12 (full 0):
 garbage-first heap   total reserved 3604480K, committed 38912K, used 31488K [0x0000000724000000, 0x0000000800000000)
  region size 2M, 8 eden (16M), 1 survivor (2M), 7 old (14M), 0 humongous (0M), 3 free (6M)
}
Event: 3.596 {heap After GC invocations=13 (full 0):
 garbage-first heap   total reserved 3604480K, committed 67584K, used 15398K [0x0000000724000000, 0x0000000800000000)
  region size 2M, 0 eden (0M), 1 survivor (2M), 7 old (14M), 0 humongous (0M), 25 free (50M)
}
Event: 4.374 {heap Before GC invocations=13 (full 0):
 garbage-first heap   total reserved 3604480K, committed 67584K, used 52262K [0x0000000724000000, 0x0000000800000000)
  region size 2M, 18 eden (36M), 1 survivor (2M), 7 old (14M), 0 humongous (0M), 7 free (14M)
}
Event: 4.379 {heap After GC invocations=14 (full 0):
 garbage-first heap   total reserved 3604480K, committed 67584K, used 16537K [0x0000000724000000, 0x0000000800000000)
  region size 2M, 0 eden (0M), 2 survivor (4M), 7 old (14M), 0 humongous (0M), 24 free (48M)
}
Event: 4.550 {heap Before GC invocations=14 (full 0):
 garbage-first heap   total reserved 3604480K, committed 67584K, used 30873K [0x0000000724000000, 0x0000000800000000)
  region size 2M, 4 eden (8M), 2 survivor (4M), 7 old (14M), 4 humongous (8M), 16 free (32M)
}
Event: 4.557 {heap After GC invocations=15 (full 0):
 garbage-first heap   total reserved 3604480K, committed 67584K, used 25242K [0x0000000724000000, 0x0000000800000000)
  region size 2M, 0 eden (0M), 2 survivor (4M), 7 old (14M), 4 humongous (8M), 20 free (40M)
}
Event: 5.048 {heap Before GC invocations=16 (full 0):
 garbage-first heap   total reserved 3604480K, committed 67584K, used 66202K [0x0000000724000000, 0x0000000800000000)
  region size 2M, 8 eden (16M), 2 survivor (4M), 7 old (14M), 16 humongous (32M), 0 free (0M)
}
Event: 5.055 {heap After GC invocations=17 (full 0):
 garbage-first heap   total reserved 3604480K, committed 73728K, used 18537K [0x0000000724000000, 0x0000000800000000)
  region size 2M, 0 eden (0M), 2 survivor (4M), 8 old (16M), 0 humongous (0M), 26 free (52M)
}
Event: 6.112 {heap Before GC invocations=17 (full 0):
 garbage-first heap   total reserved 3604480K, committed 73728K, used 63593K [0x0000000724000000, 0x0000000800000000)
  region size 2M, 19 eden (38M), 2 survivor (4M), 8 old (16M), 4 humongous (8M), 3 free (6M)
}
Event: 6.139 {heap After GC invocations=18 (full 0):
 garbage-first heap   total reserved 3604480K, committed 83968K, used 38118K [0x0000000724000000, 0x0000000800000000)
  region size 2M, 0 eden (0M), 3 survivor (6M), 12 old (24M), 4 humongous (8M), 22 free (44M)
}
Event: 6.297 {heap Before GC invocations=18 (full 0):
 garbage-first heap   total reserved 3604480K, committed 83968K, used 66790K [0x0000000724000000, 0x0000000800000000)
  region size 2M, 14 eden (28M), 3 survivor (6M), 12 old (24M), 4 humongous (8M), 8 free (16M)
}
Event: 6.310 {heap After GC invocations=19 (full 0):
 garbage-first heap   total reserved 3604480K, committed 83968K, used 46538K [0x0000000724000000, 0x0000000800000000)
  region size 2M, 0 eden (0M), 3 survivor (6M), 16 old (32M), 4 humongous (8M), 18 free (36M)
}
Event: 6.789 {heap Before GC invocations=19 (full 0):
 garbage-first heap   total reserved 3604480K, committed 83968K, used 67018K [0x0000000724000000, 0x0000000800000000)
  region size 2M, 10 eden (20M), 3 survivor (6M), 16 old (32M), 4 humongous (8M), 8 free (16M)
}
Event: 6.798 {heap After GC invocations=20 (full 0):
 garbage-first heap   total reserved 3604480K, committed 83968K, used 49689K [0x0000000724000000, 0x0000000800000000)
  region size 2M, 0 eden (0M), 2 survivor (4M), 19 old (38M), 4 humongous (8M), 16 free (32M)
}
Event: 7.195 {heap Before GC invocations=21 (full 0):
 garbage-first heap   total reserved 3604480K, committed 83968K, used 64025K [0x0000000724000000, 0x0000000800000000)
  region size 2M, 10 eden (20M), 2 survivor (4M), 19 old (38M), 2 humongous (4M), 8 free (16M)
}
Event: 7.201 {heap After GC invocations=22 (full 0):
 garbage-first heap   total reserved 3604480K, committed 83968K, used 45608K [0x0000000724000000, 0x0000000800000000)
  region size 2M, 0 eden (0M), 2 survivor (4M), 19 old (38M), 2 humongous (4M), 18 free (36M)
}
Event: 7.439 {heap Before GC invocations=22 (full 0):
 garbage-first heap   total reserved 3604480K, committed 83968K, used 70184K [0x0000000724000000, 0x0000000800000000)
  region size 2M, 12 eden (24M), 2 survivor (4M), 19 old (38M), 2 humongous (4M), 6 free (12M)
}
Event: 7.448 {heap After GC invocations=23 (full 0):
 garbage-first heap   total reserved 3604480K, committed 83968K, used 45549K [0x0000000724000000, 0x0000000800000000)
  region size 2M, 0 eden (0M), 1 survivor (2M), 20 old (40M), 2 humongous (4M), 18 free (36M)
}
Event: 7.883 {heap Before GC invocations=23 (full 0):
 garbage-first heap   total reserved 3604480K, committed 83968K, used 72173K [0x0000000724000000, 0x0000000800000000)
  region size 2M, 13 eden (26M), 1 survivor (2M), 20 old (40M), 2 humongous (4M), 5 free (10M)
}

