# JRE version: Java(TM) SE Runtime Environment (26.0.1+8) (build 26.0.1+8-34)
# Java VM: Java HotSpot(TM) 64-Bit Server VM (26.0.1+8-34, mixed mode, sharing, tiered, compressed oops, compressed class ptrs, g1 gc, windows-amd64)
GC Precious Log:
 CardTable entry size: 512
 Card Set container configuration: InlinePtr #cards 4 size 8 Array Of Cards #cards 16 size 48 Howl #buckets 8 coarsen threshold 3686 Howl Bitmap #cards 512 size 80 coarsen threshold 460 Card regions per heap region 1 cards per card region 4096
 CPUs: 12 total, 12 available
 Memory: 14075M
 Large Page Support: Disabled
 NUMA Support: Disabled
 Compressed Oops: Enabled (Zero based)
 Heap Region Size: 2M
 Heap Min Capacity: 8M
 Heap Initial Capacity: 8M
 Heap Max Capacity: 3520M
 Pre-touch: Disabled
 Parallel Workers: 10
 Concurrent Workers: 3
 Concurrent Refinement Workers: 10
 Periodic GC: Disabled
Heap:
 garbage-first heap   total reserved 3604480K, committed 77824K, used 18530K [0x0000000724000000, 0x0000000800000000)
  region size 2M, 2 eden (4M), 1 survivor (2M), 8 old (16M), 0 humongous (0M), 27 free (54M)
GC Heap Usage History (20 events):
Event: 0.415 {heap Before GC invocations=2 (full 0):
 garbage-first heap   total reserved 3604480K, committed 10240K, used 5093K [0x0000000724000000, 0x0000000800000000)
  region size 2M, 1 eden (2M), 1 survivor (2M), 2 old (4M), 0 humongous (0M), 1 free (2M)
}
Event: 0.417 {heap After GC invocations=3 (full 0):
 garbage-first heap   total reserved 3604480K, committed 10240K, used 3425K [0x0000000724000000, 0x0000000800000000)
  region size 2M, 0 eden (0M), 1 survivor (2M), 2 old (4M), 0 humongous (0M), 2 free (4M)
}
Event: 0.489 {heap Before GC invocations=3 (full 0):
 garbage-first heap   total reserved 3604480K, committed 10240K, used 5473K [0x0000000724000000, 0x0000000800000000)
  region size 2M, 1 eden (2M), 1 survivor (2M), 2 old (4M), 0 humongous (0M), 1 free (2M)
}
Event: 0.492 {heap After GC invocations=4 (full 0):
 garbage-first heap   total reserved 3604480K, committed 30720K, used 3965K [0x0000000724000000, 0x0000000800000000)
  region size 2M, 0 eden (0M), 1 survivor (2M), 2 old (4M), 0 humongous (0M), 12 free (24M)
}
Event: 0.802 {heap Before GC invocations=4 (full 0):
 garbage-first heap   total reserved 3604480K, committed 30720K, used 14205K [0x0000000724000000, 0x0000000800000000)
  region size 2M, 6 eden (12M), 1 survivor (2M), 2 old (4M), 0 humongous (0M), 6 free (12M)
}
Event: 0.805 {heap After GC invocations=5 (full 0):
 garbage-first heap   total reserved 3604480K, committed 30720K, used 4590K [0x0000000724000000, 0x0000000800000000)
  region size 2M, 0 eden (0M), 1 survivor (2M), 2 old (4M), 0 humongous (0M), 12 free (24M)
}
Event: 1.082 {heap Before GC invocations=5 (full 0):
 garbage-first heap   total reserved 3604480K, committed 30720K, used 16878K [0x0000000724000000, 0x0000000800000000)
  region size 2M, 7 eden (14M), 1 survivor (2M), 2 old (4M), 0 humongous (0M), 5 free (10M)
}
Event: 1.086 {heap After GC invocations=6 (full 0):
 garbage-first heap   total reserved 3604480K, committed 30720K, used 5124K [0x0000000724000000, 0x0000000800000000)
  region size 2M, 0 eden (0M), 1 survivor (2M), 3 old (6M), 0 humongous (0M), 11 free (22M)
}
Event: 1.418 {heap Before GC invocations=6 (full 0):
 garbage-first heap   total reserved 3604480K, committed 30720K, used 19460K [0x0000000724000000, 0x0000000800000000)
  region size 2M, 7 eden (14M), 1 survivor (2M), 3 old (6M), 0 humongous (0M), 4 free (8M)
}
Event: 1.421 {heap After GC invocations=7 (full 0):
 garbage-first heap   total reserved 3604480K, committed 30720K, used 6421K [0x0000000724000000, 0x0000000800000000)
  region size 2M, 0 eden (0M), 1 survivor (2M), 3 old (6M), 0 humongous (0M), 11 free (22M)
}
Event: 1.898 {heap Before GC invocations=7 (full 0):
 garbage-first heap   total reserved 3604480K, committed 30720K, used 22805K [0x0000000724000000, 0x0000000800000000)
  region size 2M, 8 eden (16M), 1 survivor (2M), 3 old (6M), 0 humongous (0M), 3 free (6M)
}
Event: 1.905 {heap After GC invocations=8 (full 0):
 garbage-first heap   total reserved 3604480K, committed 30720K, used 8469K [0x0000000724000000, 0x0000000800000000)
  region size 2M, 0 eden (0M), 2 survivor (4M), 3 old (6M), 0 humongous (0M), 10 free (20M)
}
Event: 2.209 {heap Before GC invocations=8 (full 0):
 garbage-first heap   total reserved 3604480K, committed 30720K, used 22805K [0x0000000724000000, 0x0000000800000000)
  region size 2M, 7 eden (14M), 2 survivor (4M), 3 old (6M), 0 humongous (0M), 3 free (6M)
}
Event: 2.220 {heap After GC invocations=9 (full 0):
 garbage-first heap   total reserved 3604480K, committed 30720K, used 10316K [0x0000000724000000, 0x0000000800000000)
  region size 2M, 0 eden (0M), 2 survivor (4M), 4 old (8M), 0 humongous (0M), 9 free (18M)
}
Event: 2.411 {heap Before GC invocations=9 (full 0):
 garbage-first heap   total reserved 3604480K, committed 30720K, used 20556K [0x0000000724000000, 0x0000000800000000)
  region size 2M, 6 eden (12M), 2 survivor (4M), 4 old (8M), 0 humongous (0M), 3 free (6M)
}
Event: 2.420 {heap After GC invocations=10 (full 0):
 garbage-first heap   total reserved 3604480K, committed 77824K, used 12235K [0x0000000724000000, 0x0000000800000000)
  region size 2M, 0 eden (0M), 1 survivor (2M), 6 old (12M), 0 humongous (0M), 31 free (62M)
}
Event: 3.152 {heap Before GC invocations=10 (full 0):
 garbage-first heap   total reserved 3604480K, committed 77824K, used 53195K [0x0000000724000000, 0x0000000800000000)
  region size 2M, 21 eden (42M), 1 survivor (2M), 6 old (12M), 0 humongous (0M), 10 free (20M)
}
Event: 3.161 {heap After GC invocations=11 (full 0):
 garbage-first heap   total reserved 3604480K, committed 77824K, used 15702K [0x0000000724000000, 0x0000000800000000)
  region size 2M, 0 eden (0M), 3 survivor (6M), 6 old (12M), 0 humongous (0M), 29 free (58M)
}
Event: 3.971 {heap Before GC invocations=11 (full 0):
 garbage-first heap   total reserved 3604480K, committed 77824K, used 54614K [0x0000000724000000, 0x0000000800000000)
  region size 2M, 19 eden (38M), 3 survivor (6M), 6 old (12M), 0 humongous (0M), 10 free (20M)
}
Event: 3.980 {heap After GC invocations=12 (full 0):
 garbage-first heap   total reserved 3604480K, committed 77824K, used 16482K [0x0000000724000000, 0x0000000800000000)
  region size 2M, 0 eden (0M), 1 survivor (2M), 8 old (16M), 0 humongous (0M), 29 free (58M)
}

