# JRE version: Java(TM) SE Runtime Environment (26.0.1+8) (build 26.0.1+8-34)
# Java VM: Java HotSpot(TM) 64-Bit Server VM (26.0.1+8-34, mixed mode, sharing, tiered, compressed oops, compressed class ptrs, g1 gc, windows-amd64)
GC Precious Log:
 CardTable entry size: 512
 Card Set container configuration: InlinePtr #cards 5 size 8 Array Of Cards #cards 10 size 36 Howl #buckets 4 coarsen threshold 1843 Howl Bitmap #cards 512 size 80 coarsen threshold 460 Card regions per heap region 1 cards per card region 2048
 CPUs: 12 total, 12 available
 Memory: 14075M
 Large Page Support: Disabled
 NUMA Support: Disabled
 Compressed Oops: Enabled (32-bit)
 Heap Region Size: 1M
 Heap Min Capacity: 8M
 Heap Initial Capacity: 8M
 Heap Max Capacity: 256M
 Pre-touch: Disabled
 Parallel Workers: 10
 Concurrent Workers: 3
 Concurrent Refinement Workers: 10
 Periodic GC: Disabled
Heap:
 garbage-first heap   total reserved 262144K, committed 76800K, used 37401K [0x00000000f0000000, 0x0000000100000000)
  region size 1M, 20 eden (20M), 3 survivor (3M), 15 old (15M), 1 humongous (1M), 36 free (36M)
GC Heap Usage History (20 events):
Event: 0.750 {heap Before GC invocations=5 (full 0):
 garbage-first heap   total reserved 262144K, committed 15360K, used 9472K [0x00000000f0000000, 0x0000000100000000)
  region size 1M, 5 eden (5M), 1 survivor (1M), 5 old (5M), 0 humongous (0M), 4 free (4M)
}
Event: 0.752 {heap After GC invocations=6 (full 0):
 garbage-first heap   total reserved 262144K, committed 15360K, used 4597K [0x00000000f0000000, 0x0000000100000000)
  region size 1M, 0 eden (0M), 1 survivor (1M), 5 old (5M), 0 humongous (0M), 9 free (9M)
}
Event: 0.804 {heap Before GC invocations=6 (full 0):
 garbage-first heap   total reserved 262144K, committed 15360K, used 8693K [0x00000000f0000000, 0x0000000100000000)
  region size 1M, 5 eden (5M), 1 survivor (1M), 5 old (5M), 0 humongous (0M), 4 free (4M)
}
Event: 0.806 {heap After GC invocations=7 (full 0):
 garbage-first heap   total reserved 262144K, committed 15360K, used 4709K [0x00000000f0000000, 0x0000000100000000)
  region size 1M, 0 eden (0M), 1 survivor (1M), 5 old (5M), 0 humongous (0M), 9 free (9M)
}
Event: 0.971 {heap Before GC invocations=7 (full 0):
 garbage-first heap   total reserved 262144K, committed 15360K, used 9829K [0x00000000f0000000, 0x0000000100000000)
  region size 1M, 6 eden (6M), 1 survivor (1M), 5 old (5M), 0 humongous (0M), 3 free (3M)
}
Event: 0.973 {heap After GC invocations=8 (full 0):
 garbage-first heap   total reserved 262144K, committed 44032K, used 5081K [0x00000000f0000000, 0x0000000100000000)
  region size 1M, 0 eden (0M), 1 survivor (1M), 5 old (5M), 0 humongous (0M), 37 free (37M)
}
Event: 1.530 {heap Before GC invocations=8 (full 0):
 garbage-first heap   total reserved 262144K, committed 44032K, used 28633K [0x00000000f0000000, 0x0000000100000000)
  region size 1M, 24 eden (24M), 1 survivor (1M), 5 old (5M), 0 humongous (0M), 13 free (13M)
}
Event: 1.535 {heap After GC invocations=9 (full 0):
 garbage-first heap   total reserved 262144K, committed 44032K, used 6973K [0x00000000f0000000, 0x0000000100000000)
  region size 1M, 0 eden (0M), 3 survivor (3M), 5 old (5M), 0 humongous (0M), 35 free (35M)
}
Event: 2.101 {heap Before GC invocations=9 (full 0):
 garbage-first heap   total reserved 262144K, committed 44032K, used 29501K [0x00000000f0000000, 0x0000000100000000)
  region size 1M, 22 eden (22M), 3 survivor (3M), 5 old (5M), 0 humongous (0M), 13 free (13M)
}
Event: 2.112 {heap After GC invocations=10 (full 0):
 garbage-first heap   total reserved 262144K, committed 44032K, used 9782K [0x00000000f0000000, 0x0000000100000000)
  region size 1M, 0 eden (0M), 4 survivor (4M), 7 old (7M), 0 humongous (0M), 32 free (32M)
}
Event: 2.453 {heap Before GC invocations=10 (full 0):
 garbage-first heap   total reserved 262144K, committed 44032K, used 31286K [0x00000000f0000000, 0x0000000100000000)
  region size 1M, 21 eden (21M), 4 survivor (4M), 7 old (7M), 0 humongous (0M), 11 free (11M)
}
Event: 2.464 {heap After GC invocations=11 (full 0):
 garbage-first heap   total reserved 262144K, committed 44032K, used 13227K [0x00000000f0000000, 0x0000000100000000)
  region size 1M, 0 eden (0M), 4 survivor (4M), 11 old (11M), 0 humongous (0M), 28 free (28M)
}
Event: 2.830 {heap Before GC invocations=11 (full 0):
 garbage-first heap   total reserved 262144K, committed 44032K, used 34731K [0x00000000f0000000, 0x0000000100000000)
  region size 1M, 21 eden (21M), 4 survivor (4M), 11 old (11M), 0 humongous (0M), 7 free (7M)
}
Event: 2.838 {heap After GC invocations=12 (full 0):
 garbage-first heap   total reserved 262144K, committed 44032K, used 15161K [0x00000000f0000000, 0x0000000100000000)
  region size 1M, 0 eden (0M), 2 survivor (2M), 14 old (14M), 0 humongous (0M), 27 free (27M)
}
Event: 3.134 {heap Before GC invocations=12 (full 0):
 garbage-first heap   total reserved 262144K, committed 44032K, used 31545K [0x00000000f0000000, 0x0000000100000000)
  region size 1M, 17 eden (17M), 2 survivor (2M), 14 old (14M), 0 humongous (0M), 10 free (10M)
}
Event: 3.137 {heap After GC invocations=13 (full 0):
 garbage-first heap   total reserved 262144K, committed 44032K, used 15958K [0x00000000f0000000, 0x0000000100000000)
  region size 1M, 0 eden (0M), 1 survivor (1M), 16 old (16M), 0 humongous (0M), 26 free (26M)
}
Event: 3.514 {heap Before GC invocations=14 (full 0):
 garbage-first heap   total reserved 262144K, committed 44032K, used 36438K [0x00000000f0000000, 0x0000000100000000)
  region size 1M, 20 eden (20M), 1 survivor (1M), 16 old (16M), 0 humongous (0M), 6 free (6M)
}
Event: 3.517 {heap After GC invocations=15 (full 0):
 garbage-first heap   total reserved 262144K, committed 44032K, used 16246K [0x00000000f0000000, 0x0000000100000000)
  region size 1M, 0 eden (0M), 2 survivor (2M), 16 old (16M), 0 humongous (0M), 25 free (25M)
}
Event: 3.956 {heap Before GC invocations=15 (full 0):
 garbage-first heap   total reserved 262144K, committed 76800K, used 69494K [0x00000000f0000000, 0x0000000100000000)
  region size 1M, 20 eden (20M), 2 survivor (2M), 16 old (16M), 32 humongous (32M), 5 free (5M)
}
Event: 3.961 {heap After GC invocations=16 (full 0):
 garbage-first heap   total reserved 262144K, committed 76800K, used 17945K [0x00000000f0000000, 0x0000000100000000)
  region size 1M, 0 eden (0M), 3 survivor (3M), 15 old (15M), 0 humongous (0M), 57 free (57M)
}

